<?xml version="1.0" encoding="UTF-8"?>
<testsuite xmlns:xsi="http://www.w3.org/2001/XMLSchema-instance" xsi:noNamespaceSchemaLocation="https://maven.apache.org/surefire/maven-surefire-plugin/xsd/surefire-test-report.xsd" version="3.0.2" name="com.backend.API.E_commerce.ProduitController.ProduitControllerTest" time="6.287" tests="3" errors="0" skipped="0" failures="0">
  <properties>
[...]
</properties>
  <testcase name="NajoutePasEntreerInvalid" classname="com.backend.API.E_commerce.ProduitController.ProduitControllerTest" time="0.687">
    <system-out><![CDATA[21:47:16.062 [main] INFO org.springframework.test.context.support.AnnotationConfigContextLoaderUtils -- Could not detect default configuration classes for test class [com.backend.API.E_commerce.ProduitController.ProduitControllerTest]: ProduitControllerTest does not declare any static, non-private, non-final, nested classes annotated with @Configuration.
21:47:16.236 [main] INFO org.springframework.boot.test.context.SpringBootTestContextBootstrapper -- Found @SpringBootConfiguration com.backend.API.E_commerce.ApiECommerceApplication for test class com.backend.API.E_commerce.ProduitController.ProduitControllerTest

  .   ____          _            __ _ _
 /\\ / ___'_ __ _ _(_)_ __  __ _ \ \ \ \
( ( )\___ | '_ | '_| | '_ \/ _` | \ \ \ \
 \\/  ___)| |_)| | | | | || (_| |  ) ) ) )
  '  |____| .__|_| |_|_| |_\__, | / / / /
 =========|_|==============|___/=/_/_/_/

 :: Spring Boot ::                (v3.4.1)

2025-01-23T21:47:16.810+01:00  INFO 12204 --- [API-E-commerce] [           main] c.b.A.E.P.ProduitControllerTest          : Starting ProduitControllerTest using Java 17.0.13 with PID 12204 (started by moiseal in /home/moiseal/Full-stack/Back-end/Java/Springboot/API E-commerce/API-E-commerce)
2025-01-23T21:47:16.812+01:00  INFO 12204 --- [API-E-commerce] [           main] c.b.A.E.P.ProduitControllerTest          : No active profile set, falling back to 1 default profile: "default"
2025-01-23T21:47:17.567+01:00  INFO 12204 --- [API-E-commerce] [           main] .s.d.r.c.RepositoryConfigurationDelegate : Bootstrapping Spring Data JPA repositories in DEFAULT mode.
2025-01-23T21:47:17.644+01:00  INFO 12204 --- [API-E-commerce] [           main] .s.d.r.c.RepositoryConfigurationDelegate : Finished Spring Data repository scanning in 66 ms. Found 1 JPA repository interface.
2025-01-23T21:47:18.310+01:00  INFO 12204 --- [API-E-commerce] [           main] com.zaxxer.hikari.HikariDataSource       : HikariPool-1 - Starting...
2025-01-23T21:47:18.568+01:00  INFO 12204 --- [API-E-commerce] [           main] com.zaxxer.hikari.pool.HikariPool        : HikariPool-1 - Added connection conn0: url=jdbc:h2:mem:testdb user=SA
2025-01-23T21:47:18.570+01:00  INFO 12204 --- [API-E-commerce] [           main] com.zaxxer.hikari.HikariDataSource       : HikariPool-1 - Start completed.
2025-01-23T21:47:18.779+01:00  INFO 12204 --- [API-E-commerce] [           main] o.hibernate.jpa.internal.util.LogHelper  : HHH000204: Processing PersistenceUnitInfo [name: default]
2025-01-23T21:47:18.858+01:00  INFO 12204 --- [API-E-commerce] [           main] org.hibernate.Version                    : HHH000412: Hibernate ORM core version 6.6.4.Final
2025-01-23T21:47:18.911+01:00  INFO 12204 --- [API-E-commerce] [           main] o.h.c.internal.RegionFactoryInitiator    : HHH000026: Second-level cache disabled
2025-01-23T21:47:19.242+01:00  INFO 12204 --- [API-E-commerce] [           main] o.s.o.j.p.SpringPersistenceUnitInfo      : No LoadTimeWeaver setup: ignoring JPA class transformer
2025-01-23T21:47:19.303+01:00  WARN 12204 --- [API-E-commerce] [           main] org.hibernate.orm.deprecation            : HHH90000025: H2Dialect does not need to be specified explicitly using 'hibernate.dialect' (remove the property setting and it will be selected by default)
2025-01-23T21:47:19.330+01:00  INFO 12204 --- [API-E-commerce] [           main] org.hibernate.orm.connections.pooling    : HHH10001005: Database info:
	Database JDBC URL [Connecting through datasource 'HikariDataSource (HikariPool-1)']
	Database driver: undefined/unknown
	Database version: 2.3.232
	Autocommit mode: undefined/unknown
	Isolation level: undefined/unknown
	Minimum pool size: undefined/unknown
	Maximum pool size: undefined/unknown
2025-01-23T21:47:20.216+01:00  INFO 12204 --- [API-E-commerce] [           main] o.h.e.t.j.p.i.JtaPlatformInitiator       : HHH000489: No JTA platform available (set 'hibernate.transaction.jta.platform' to enable JTA platform integration)
2025-01-23T21:47:20.260+01:00  INFO 12204 --- [API-E-commerce] [           main] j.LocalContainerEntityManagerFactoryBean : Initialized JPA EntityManagerFactory for persistence unit 'default'
2025-01-23T21:47:20.614+01:00  WARN 12204 --- [API-E-commerce] [           main] JpaBaseConfiguration$JpaWebConfiguration : spring.jpa.open-in-view is enabled by default. Therefore, database queries may be performed during view rendering. Explicitly configure spring.jpa.open-in-view to disable this warning
2025-01-23T21:47:21.055+01:00  INFO 12204 --- [API-E-commerce] [           main] o.s.b.a.h2.H2ConsoleAutoConfiguration    : H2 console available at '/h2-console'. Database available at 'jdbc:h2:mem:testdb'
2025-01-23T21:47:21.147+01:00  INFO 12204 --- [API-E-commerce] [           main] o.s.b.t.m.w.SpringBootMockServletContext : Initializing Spring TestDispatcherServlet ''
2025-01-23T21:47:21.147+01:00  INFO 12204 --- [API-E-commerce] [           main] o.s.t.web.servlet.TestDispatcherServlet  : Initializing Servlet ''
2025-01-23T21:47:21.151+01:00  INFO 12204 --- [API-E-commerce] [           main] o.s.t.web.servlet.TestDispatcherServlet  : Completed initialization in 1 ms
2025-01-23T21:47:21.191+01:00  INFO 12204 --- [API-E-commerce] [           main] c.b.A.E.P.ProduitControllerTest          : Started ProduitControllerTest in 4.752 seconds (process running for 5.955)
]]></system-out>
  </testcase>
  <testcase name="DoisAjouterProduit" classname="com.backend.API.E_commerce.ProduitController.ProduitControllerTest" time="0.1">
    <system-out><![CDATA[produit sauvegardé
Produit ajouté : Produit(id=11, nom=Test Produit, description=Test Description, prix=29.99)
produit sauvegardé
]]></system-out>
  </testcase>
  <testcase name="DoisRetournerTousLesProduits" classname="com.backend.API.E_commerce.ProduitController.ProduitControllerTest" time="0.132">
    <system-out><![CDATA[produits disponibles
Produits récupérés : [Produit(id=1, nom=Produit 1, description=Description du Produit 1, prix=10.99), Produit(id=2, nom=Produit 2, description=Description du Produit 2, prix=20.49), Produit(id=3, nom=Produit 3, description=Description du Produit 3, prix=15.79), Produit(id=4, nom=Produit 4, description=Description du Produit 4, prix=25.99), Produit(id=5, nom=Produit 5, description=Description du Produit 5, prix=30.0), Produit(id=6, nom=Produit 6, description=Description du Produit 6, prix=45.5), Produit(id=7, nom=Produit 7, description=Description du Produit 7, prix=50.0), Produit(id=8, nom=Produit 8, description=Description du Produit 8, prix=5.0), Produit(id=9, nom=Produit 9, description=Description du Produit 9, prix=8.25), Produit(id=10, nom=Produit 10, description=Description du Produit 10, prix=12.49), Produit(id=11, nom=Test Produit, description=Test Description, prix=29.99)]
produits disponibles
]]></system-out>
  </testcase>
</testsuite>